<?xml version="1.0" encoding="UTF-8"?>
<testsuite xmlns:xsi="http://www.w3.org/2001/XMLSchema-instance" xsi:noNamespaceSchemaLocation="https://maven.apache.org/surefire/maven-surefire-plugin/xsd/surefire-test-report-3.0.xsd" version="3.0" name="es.upm.pproject.miniproject.UniversityManagerTest" time="0.354" tests="34" errors="0" skipped="0" failures="0">
  <properties>
[...]
</properties>
  <testcase name="testRegisterStudentWithEmailEndingInDot" classname="es.upm.pproject.miniproject.UniversityManagerTest" time="0.232"/>
  <testcase name="testRegisterCourseWithEmptyCoordinator" classname="es.upm.pproject.miniproject.UniversityManagerTest" time="0.016"/>
  <testcase name="testRegisterStudentWithInvalidEmail" classname="es.upm.pproject.miniproject.UniversityManagerTest" time="0"/>
  <testcase name="testEnrollStudentNotRegistered" classname="es.upm.pproject.miniproject.UniversityManagerTest" time="0"/>
  <testcase name="testGetStudentsInCourseNotFound" classname="es.upm.pproject.miniproject.UniversityManagerTest" time="0"/>
  <testcase name="testRestartCourseWithStudents" classname="es.upm.pproject.miniproject.UniversityManagerTest" time="0.016"/>
  <testcase name="testRestartCourseEmpty" classname="es.upm.pproject.miniproject.UniversityManagerTest" time="0"/>
  <testcase name="testCancelEnrollmentNotEnrolled" classname="es.upm.pproject.miniproject.UniversityManagerTest" time="0"/>
  <testcase name="testCancelEnrollmentSuccess" classname="es.upm.pproject.miniproject.UniversityManagerTest" time="0"/>
  <testcase name="testCancelEnrollmentCourseNotFound" classname="es.upm.pproject.miniproject.UniversityManagerTest" time="0"/>
  <testcase name="testRegisterStudentWithWhitespaceName" classname="es.upm.pproject.miniproject.UniversityManagerTest" time="0"/>
  <testcase name="testRestartCourseSuccess" classname="es.upm.pproject.miniproject.UniversityManagerTest" time="0"/>
  <testcase name="testGetAllStudentsSuccess" classname="es.upm.pproject.miniproject.UniversityManagerTest" time="0"/>
  <testcase name="testGetAllCoursesSuccess" classname="es.upm.pproject.miniproject.UniversityManagerTest" time="0"/>
  <testcase name="testRegisterCourseDuplicate" classname="es.upm.pproject.miniproject.UniversityManagerTest" time="0"/>
  <testcase name="testGetAllStudentsOrdered" classname="es.upm.pproject.miniproject.UniversityManagerTest" time="0"/>
  <testcase name="testEnrollStudentAlreadyEnrolled" classname="es.upm.pproject.miniproject.UniversityManagerTest" time="0"/>
  <testcase name="testGetAllCoursesEmpty" classname="es.upm.pproject.miniproject.UniversityManagerTest" time="0"/>
  <testcase name="testRegisterCourseWithWhitespaceName" classname="es.upm.pproject.miniproject.UniversityManagerTest" time="0"/>
  <testcase name="testRegisterCourseSuccess" classname="es.upm.pproject.miniproject.UniversityManagerTest" time="0.016"/>
  <testcase name="testGetStudentsInCourseEmpty" classname="es.upm.pproject.miniproject.UniversityManagerTest" time="0"/>
  <testcase name="testCancelEnrollmentStudentNotFound" classname="es.upm.pproject.miniproject.UniversityManagerTest" time="0"/>
  <testcase name="testEnrollStudentSuccess" classname="es.upm.pproject.miniproject.UniversityManagerTest" time="0"/>
  <testcase name="testGetAllStudentsEmpty" classname="es.upm.pproject.miniproject.UniversityManagerTest" time="0"/>
  <testcase name="testEnrollStudentCourseNotFound" classname="es.upm.pproject.miniproject.UniversityManagerTest" time="0"/>
  <testcase name="testGetStudentsInCourseSuccess" classname="es.upm.pproject.miniproject.UniversityManagerTest" time="0"/>
  <testcase name="testRegisterStudentDuplicate" classname="es.upm.pproject.miniproject.UniversityManagerTest" time="0"/>
  <testcase name="testRestartCourseNotRegistered" classname="es.upm.pproject.miniproject.UniversityManagerTest" time="0.015"/>
  <testcase name="testEnrollStudentLimitExceeded" classname="es.upm.pproject.miniproject.UniversityManagerTest" time="0.002"/>
  <testcase name="testRegisterStudentWithEmptyEmail" classname="es.upm.pproject.miniproject.UniversityManagerTest" time="0.015"/>
  <testcase name="testEnrollStudentAtLimit" classname="es.upm.pproject.miniproject.UniversityManagerTest" time="0"/>
  <testcase name="testRegisterCourseWithEmptyName" classname="es.upm.pproject.miniproject.UniversityManagerTest" time="0"/>
  <testcase name="testRegisterStudentSuccess" classname="es.upm.pproject.miniproject.UniversityManagerTest" time="0"/>
  <testcase name="testRegisterStudentWithNullEmail" classname="es.upm.pproject.miniproject.UniversityManagerTest" time="0.015"/>
</testsuite>